<?xml version="1.0" encoding="UTF-8"?>
<!-- Generated by org.testng.reporters.JUnitReportReporter -->
<testsuite skipped="0" hostname="CBT-LAB-033" name="scr.Gt1" tests="1" failures="0" timestamp="04 Feb 2018 08:27:14 GMT" time="3.366" errors="0">
  <testcase name="test1" time="3.366" classname="scr.Gt1"/>
</testsuite> <!-- scr.Gt1 -->
